<?xml version="1.0" encoding="UTF-8"?>
<!-- Generated by org.testng.reporters.JUnitReportReporter -->
<testsuite hostname="QT-INBG-LT0640" failures="0" tests="14" name="mobileworld.Signup" time="89.391" errors="0" timestamp="2022-09-19T16:21:45 IST" skipped="0">
  <testcase classname="mobileworld.Signup" name="testdata" time="5.755"/>
  <system-out/>
  <testcase classname="mobileworld.Signup" name="testdata" time="6.638"/>
  <system-out/>
  <testcase classname="mobileworld.Signup" name="testdata" time="6.397"/>
  <system-out/>
  <testcase classname="mobileworld.Signup" name="testdata" time="11.463"/>
  <system-out/>
  <testcase classname="mobileworld.Signup" name="testdata" time="6.107"/>
  <system-out/>
  <testcase classname="mobileworld.Signup" name="testdata" time="5.842"/>
  <system-out/>
  <testcase classname="mobileworld.Signup" name="testdata" time="6.346"/>
  <system-out/>
  <testcase classname="mobileworld.Signup" name="testdata" time="5.617"/>
  <system-out/>
  <testcase classname="mobileworld.Signup" name="testdata" time="5.878"/>
  <system-out/>
  <testcase classname="mobileworld.Signup" name="testdata" time="5.744"/>
  <system-out/>
  <testcase classname="mobileworld.Signup" name="testdata" time="5.943"/>
  <system-out/>
  <testcase classname="mobileworld.Signup" name="testdata" time="5.818"/>
  <system-out/>
  <testcase classname="mobileworld.Signup" name="testdata" time="5.957"/>
  <system-out/>
  <testcase classname="mobileworld.Signup" name="testdata" time="5.886"/>
  <system-out/>
</testsuite> <!-- mobileworld.Signup -->
