<?xml version="1.0" encoding="UTF-8"?>
<!-- Generated by org.testng.reporters.JUnitReportReporter -->
<testsuite hostname="QT-INBG-LT0640" failures="0" tests="7" name="mobileworld.Allmobiles" time="41.770" errors="0" timestamp="2022-09-19T16:21:45 IST" skipped="0">
  <testcase classname="mobileworld.Allmobiles" name="launchBrowser" time="7.124"/>
  <system-out/>
  <testcase classname="mobileworld.Allmobiles" name="allMobiles" time="3.634"/>
  <system-out/>
  <testcase classname="mobileworld.Allmobiles" name="searchLenovo" time="6.258"/>
  <system-out/>
  <testcase classname="mobileworld.Allmobiles" name="searchSamsung" time="6.121"/>
  <system-out/>
  <testcase classname="mobileworld.Allmobiles" name="wrongApple" time="6.182"/>
  <system-out/>
  <testcase classname="mobileworld.Allmobiles" name="twoCharacter" time="6.230"/>
  <system-out/>
  <testcase classname="mobileworld.Allmobiles" name="order" time="6.221"/>
  <system-out/>
</testsuite> <!-- mobileworld.Allmobiles -->
